<?xml version="1.0" encoding="UTF-8"?>
<!-- Generated by org.testng.reporters.JUnitXMLReporter -->
<testsuite ignored="0" hostname="DESKTOP-R0E149I" failures="0" tests="13" name="Test" time="219.29" errors="0" timestamp="2023-11-09T12:24:23 IST">
  <testcase classname="com.empirem.qa.testcases.LoginPageTest" name="verifyEphomeTitletest" time="0.02"/>
  <testcase classname="com.empirem.qa.testcases.LoginPageTest" name="verifyEphomeimageTest" time="0.077"/>
  <testcase classname="com.empirem.qa.testcases.LoginPageTest" name="verifyLoginPageTest" time="2.788"/>
  <testcase classname="com.empirem.qa.testcases.HomePageTest" name="VerifyEphomepageTitleTest" time="0.013"/>
  <testcase classname="com.empirem.qa.testcases.HomePageTest" name="verifyhomepageTest" time="7.974"/>
  <testcase classname="com.empirem.qa.testcases.UserTypesPageTest" name="verifyUserTypesTest" time="7.8"/>
  <testcase classname="com.empirem.qa.testcases.UserTypesPageTest" name="verifyusertypespagetitleTest" time="0.024"/>
  <testcase classname="com.empirem.qa.testcases.CategoriesPageTest" name="VerifyCategoriesPageTest" time="4.851"/>
  <testcase classname="com.empirem.qa.testcases.CategoriesPageTest" name="verifyCategoriesPageTitleTest" time="0.028"/>
  <testcase classname="com.empirem.qa.testcases.LocationPageTest" name="VerifyLocationPageTest" time="4.384"/>
  <testcase classname="com.empirem.qa.testcases.LocationPageTest" name="verifyLocationPageTitleTest" time="0.025"/>
  <testcase classname="com.empirem.qa.testcases.ConditionPageTest" name="VerifyConditionPageTest" time="4.227"/>
  <testcase classname="com.empirem.qa.testcases.ConditionPageTest" name="VerifyConditionPageTitleTest" time="0.027"/>
</testsuite> <!-- Test -->
