<?xml version="1.0" encoding="UTF-8"?>
<testng-results ignored="0" total="7" passed="6" failed="1" skipped="0">
  <reporter-output>
  </reporter-output>
  <suite started-at="2023-11-06T10:05:05 IST" name="Suite" finished-at="2023-11-06T10:05:58 IST" duration-ms="52994">
    <groups>
    </groups>
    <test started-at="2023-11-06T10:05:05 IST" name="Test" finished-at="2023-11-06T10:05:58 IST" duration-ms="52994">
      <class name="com.empire.qa.testcases.HomePageTest">
        <test-method is-config="true" signature="setup()[pri:0, instance:com.empire.qa.testcases.HomePageTest@3c435123]" started-at="2023-11-06T10:05:32 IST" name="setup" finished-at="2023-11-06T10:05:39 IST" duration-ms="6886" status="PASS">
          <reporter-output>
          </reporter-output>
        </test-method> <!-- setup -->
        <test-method signature="VerifyEhomepageTitleTest()[pri:1, instance:com.empire.qa.testcases.HomePageTest@3c435123]" started-at="2023-11-06T10:05:39 IST" name="VerifyEhomepageTitleTest" finished-at="2023-11-06T10:05:39 IST" duration-ms="12" status="PASS">
          <reporter-output>
          </reporter-output>
        </test-method> <!-- VerifyEhomepageTitleTest -->
        <test-method is-config="true" signature="teardown()[pri:0, instance:com.empire.qa.testcases.HomePageTest@3c435123]" started-at="2023-11-06T10:05:39 IST" name="teardown" finished-at="2023-11-06T10:05:39 IST" duration-ms="183" status="PASS">
          <reporter-output>
          </reporter-output>
        </test-method> <!-- teardown -->
        <test-method is-config="true" signature="setup()[pri:0, instance:com.empire.qa.testcases.HomePageTest@3c435123]" started-at="2023-11-06T10:05:39 IST" name="setup" finished-at="2023-11-06T10:05:51 IST" duration-ms="11816" status="PASS">
          <reporter-output>
          </reporter-output>
        </test-method> <!-- setup -->
        <test-method signature="VerifyhomepageTest()[pri:2, instance:com.empire.qa.testcases.HomePageTest@3c435123]" started-at="2023-11-06T10:05:51 IST" name="VerifyhomepageTest" finished-at="2023-11-06T10:05:57 IST" duration-ms="6698" status="PASS">
          <reporter-output>
          </reporter-output>
        </test-method> <!-- VerifyhomepageTest -->
        <test-method is-config="true" signature="teardown()[pri:0, instance:com.empire.qa.testcases.HomePageTest@3c435123]" started-at="2023-11-06T10:05:57 IST" name="teardown" finished-at="2023-11-06T10:05:58 IST" duration-ms="261" status="PASS">
          <reporter-output>
          </reporter-output>
        </test-method> <!-- teardown -->
      </class> <!-- com.empire.qa.testcases.HomePageTest -->
      <class name="com.empire.qa.testcases.LoginpageTest">
        <test-method is-config="true" signature="setup()[pri:0, instance:com.empire.qa.testcases.LoginpageTest@150ab4ed]" started-at="2023-11-06T10:05:20 IST" name="setup" finished-at="2023-11-06T10:05:23 IST" duration-ms="3227" status="PASS">
          <reporter-output>
          </reporter-output>
        </test-method> <!-- setup -->
        <test-method signature="verifyEhomeTitletest()[pri:0, instance:com.empire.qa.testcases.LoginpageTest@150ab4ed]" started-at="2023-11-06T10:05:23 IST" name="verifyEhomeTitletest" finished-at="2023-11-06T10:05:23 IST" duration-ms="15" status="PASS">
          <reporter-output>
          </reporter-output>
        </test-method> <!-- verifyEhomeTitletest -->
        <test-method is-config="true" signature="teardown()[pri:0, instance:com.empire.qa.testcases.LoginpageTest@150ab4ed]" started-at="2023-11-06T10:05:23 IST" name="teardown" finished-at="2023-11-06T10:05:23 IST" duration-ms="2" status="PASS">
          <reporter-output>
          </reporter-output>
        </test-method> <!-- teardown -->
        <test-method is-config="true" signature="setup()[pri:0, instance:com.empire.qa.testcases.LoginpageTest@150ab4ed]" started-at="2023-11-06T10:05:23 IST" name="setup" finished-at="2023-11-06T10:05:26 IST" duration-ms="3118" status="PASS">
          <reporter-output>
          </reporter-output>
        </test-method> <!-- setup -->
        <test-method signature="verifyEhomeimageTest()[pri:0, instance:com.empire.qa.testcases.LoginpageTest@150ab4ed]" started-at="2023-11-06T10:05:26 IST" name="verifyEhomeimageTest" finished-at="2023-11-06T10:05:26 IST" duration-ms="160" status="PASS">
          <reporter-output>
          </reporter-output>
        </test-method> <!-- verifyEhomeimageTest -->
        <test-method is-config="true" signature="teardown()[pri:0, instance:com.empire.qa.testcases.LoginpageTest@150ab4ed]" started-at="2023-11-06T10:05:26 IST" name="teardown" finished-at="2023-11-06T10:05:26 IST" duration-ms="0" status="PASS">
          <reporter-output>
          </reporter-output>
        </test-method> <!-- teardown -->
        <test-method is-config="true" signature="setup()[pri:0, instance:com.empire.qa.testcases.LoginpageTest@150ab4ed]" started-at="2023-11-06T10:05:26 IST" name="setup" finished-at="2023-11-06T10:05:30 IST" duration-ms="3590" status="PASS">
          <reporter-output>
          </reporter-output>
        </test-method> <!-- setup -->
        <test-method signature="verifyLoginpageTest()[pri:0, instance:com.empire.qa.testcases.LoginpageTest@150ab4ed]" started-at="2023-11-06T10:05:30 IST" name="verifyLoginpageTest" finished-at="2023-11-06T10:05:32 IST" duration-ms="1908" status="PASS">
          <reporter-output>
          </reporter-output>
        </test-method> <!-- verifyLoginpageTest -->
        <test-method is-config="true" signature="teardown()[pri:0, instance:com.empire.qa.testcases.LoginpageTest@150ab4ed]" started-at="2023-11-06T10:05:32 IST" name="teardown" finished-at="2023-11-06T10:05:32 IST" duration-ms="0" status="PASS">
          <reporter-output>
          </reporter-output>
        </test-method> <!-- teardown -->
      </class> <!-- com.empire.qa.testcases.LoginpageTest -->
      <class name="com.empire.qa.testcases.AddinventorypageTest">
        <test-method signature="VerifyAddInventoryTest(java.lang.String,java.lang.String,java.lang.String,java.lang.String,java.lang.String,java.lang.String,java.lang.String,java.lang.String,java.lang.String,java.lang.String,java.lang.String,java.lang.String,java.lang.String,java.lang.String,java.lang.String,java.lang.String,java.lang.String,java.lang.String)[pri:0, instance:com.empire.qa.testcases.AddinventorypageTest@618c5d94]" started-at="2023-11-06T10:05:05 IST" name="VerifyAddInventoryTest" data-provider="Exceldata" finished-at="2023-11-06T10:05:06 IST" duration-ms="958" status="FAIL">
          <exception class="org.testng.internal.reflect.MethodMatcherException">
            <message>
              <![CDATA[
[public void com.empire.qa.testcases.AddinventorypageTest.VerifyAddInventoryTest(java.lang.String,java.lang.String,java.lang.String,java.lang.String,java.lang.String,java.lang.String,java.lang.String,java.lang.String,java.lang.String,java.lang.String,java.lang.String,java.lang.String,java.lang.String,java.lang.String,java.lang.String,java.lang.String,java.lang.String,java.lang.String) throws java.lang.Throwable] has no parameters defined but was found to be using a data provider (either explicitly specified or inherited from class level annotation).
Data provider mismatch
Method: VerifyAddInventoryTest([java.lang.String arg0, java.lang.String arg1, java.lang.String arg2, java.lang.String arg3, java.lang.String arg4, java.lang.String arg5, java.lang.String arg6, java.lang.String arg7, java.lang.String arg8, java.lang.String arg9, java.lang.String arg10, java.lang.String arg11, java.lang.String arg12, java.lang.String arg13, java.lang.String arg14, java.lang.String arg15, java.lang.String arg16, java.lang.String arg17])
Arguments: [(java.lang.String) EMP001,(java.lang.String) EMP001,(java.lang.String) EMP001,(java.lang.String) EMP001,(java.lang.String) EMP001,(java.lang.String) EMP001,(java.lang.String) EMP001,(java.lang.String) EMP001,(java.lang.String) EMP001,(java.lang.String) EMP001,(java.lang.String) EMP001,(java.lang.String) EMP001,(java.lang.String) EMP001,(java.lang.String) EMP001,(java.lang.String) EMP001,(java.lang.String) EMP001,(java.lang.String) EMP001,(java.lang.String) EMP001,(java.lang.String) EMP001,(java.lang.String) EMP001]]]>
            </message>
            <full-stacktrace>
              <![CDATA[org.testng.internal.reflect.MethodMatcherException: 
[public void com.empire.qa.testcases.AddinventorypageTest.VerifyAddInventoryTest(java.lang.String,java.lang.String,java.lang.String,java.lang.String,java.lang.String,java.lang.String,java.lang.String,java.lang.String,java.lang.String,java.lang.String,java.lang.String,java.lang.String,java.lang.String,java.lang.String,java.lang.String,java.lang.String,java.lang.String,java.lang.String) throws java.lang.Throwable] has no parameters defined but was found to be using a data provider (either explicitly specified or inherited from class level annotation).
Data provider mismatch
Method: VerifyAddInventoryTest([java.lang.String arg0, java.lang.String arg1, java.lang.String arg2, java.lang.String arg3, java.lang.String arg4, java.lang.String arg5, java.lang.String arg6, java.lang.String arg7, java.lang.String arg8, java.lang.String arg9, java.lang.String arg10, java.lang.String arg11, java.lang.String arg12, java.lang.String arg13, java.lang.String arg14, java.lang.String arg15, java.lang.String arg16, java.lang.String arg17])
Arguments: [(java.lang.String) EMP001,(java.lang.String) EMP001,(java.lang.String) EMP001,(java.lang.String) EMP001,(java.lang.String) EMP001,(java.lang.String) EMP001,(java.lang.String) EMP001,(java.lang.String) EMP001,(java.lang.String) EMP001,(java.lang.String) EMP001,(java.lang.String) EMP001,(java.lang.String) EMP001,(java.lang.String) EMP001,(java.lang.String) EMP001,(java.lang.String) EMP001,(java.lang.String) EMP001,(java.lang.String) EMP001,(java.lang.String) EMP001,(java.lang.String) EMP001,(java.lang.String) EMP001]
at org.testng.internal.reflect.DataProviderMethodMatcher.getConformingArguments(DataProviderMethodMatcher.java:46)
at org.testng.internal.Parameters.injectParameters(Parameters.java:909)
at org.testng.internal.invokers.MethodRunner.runInSequence(MethodRunner.java:37)
at org.testng.internal.invokers.TestInvoker$MethodInvocationAgent.invoke(TestInvoker.java:957)
at org.testng.internal.invokers.TestInvoker.invokeTestMethods(TestInvoker.java:200)
at org.testng.internal.invokers.TestMethodWorker.invokeTestMethods(TestMethodWorker.java:148)
at org.testng.internal.invokers.TestMethodWorker.run(TestMethodWorker.java:128)
at java.base/java.util.ArrayList.forEach(ArrayList.java:1511)
at org.testng.TestRunner.privateRun(TestRunner.java:848)
at org.testng.TestRunner.run(TestRunner.java:621)
at org.testng.SuiteRunner.runTest(SuiteRunner.java:443)
at org.testng.SuiteRunner.runSequentially(SuiteRunner.java:437)
at org.testng.SuiteRunner.privateRun(SuiteRunner.java:397)
at org.testng.SuiteRunner.run(SuiteRunner.java:336)
at org.testng.SuiteRunnerWorker.runSuite(SuiteRunnerWorker.java:52)
at org.testng.SuiteRunnerWorker.run(SuiteRunnerWorker.java:95)
at org.testng.TestNG.runSuitesSequentially(TestNG.java:1280)
at org.testng.TestNG.runSuitesLocally(TestNG.java:1200)
at org.testng.TestNG.runSuites(TestNG.java:1114)
at org.testng.TestNG.run(TestNG.java:1082)
at org.testng.remote.AbstractRemoteTestNG.run(AbstractRemoteTestNG.java:115)
at org.testng.remote.RemoteTestNG.initAndRun(RemoteTestNG.java:251)
at org.testng.remote.RemoteTestNG.main(RemoteTestNG.java:77)
]]>
            </full-stacktrace>
          </exception> <!-- org.testng.internal.reflect.MethodMatcherException -->
          <reporter-output>
          </reporter-output>
        </test-method> <!-- VerifyAddInventoryTest -->
        <test-method is-config="true" signature="setup()[pri:0, instance:com.empire.qa.testcases.AddinventorypageTest@618c5d94]" started-at="2023-11-06T10:05:06 IST" name="setup" finished-at="2023-11-06T10:05:19 IST" duration-ms="13793" status="PASS">
          <reporter-output>
          </reporter-output>
        </test-method> <!-- setup -->
        <test-method signature="VerifyaddinventoryTitle()[pri:0, instance:com.empire.qa.testcases.AddinventorypageTest@618c5d94]" started-at="2023-11-06T10:05:19 IST" name="VerifyaddinventoryTitle" finished-at="2023-11-06T10:05:19 IST" duration-ms="13" status="PASS">
          <reporter-output>
          </reporter-output>
        </test-method> <!-- VerifyaddinventoryTitle -->
        <test-method is-config="true" signature="teardown()[pri:0, instance:com.empire.qa.testcases.AddinventorypageTest@618c5d94]" started-at="2023-11-06T10:05:19 IST" name="teardown" finished-at="2023-11-06T10:05:20 IST" duration-ms="269" status="PASS">
          <reporter-output>
          </reporter-output>
        </test-method> <!-- teardown -->
      </class> <!-- com.empire.qa.testcases.AddinventorypageTest -->
    </test> <!-- Test -->
  </suite> <!-- Suite -->
</testng-results>
