<?xml version="1.0" encoding="UTF-8"?>
<!-- Generated by org.testng.reporters.JUnitXMLReporter -->
<testsuite ignored="0" hostname="DESKTOP-PGPGNDP" failures="0" tests="3" name="Default test" time="30.755" errors="0" timestamp="2023-12-04T23:21:23 IST">
  <testcase classname="com.empirem.qa.testcases.LoginPageTest" name="verifyEphomeTitletest" time="0.166"/>
  <testcase classname="com.empirem.qa.testcases.LoginPageTest" name="verifyEphomeimageTest" time="0.365"/>
  <testcase classname="com.empirem.qa.testcases.LoginPageTest" name="verifyLoginPageTest" time="2.747"/>
</testsuite> <!-- Default test -->
