<?xml version="1.0" encoding="UTF-8"?>
<testng-results ignored="0" total="3" passed="3" failed="0" skipped="0">
  <reporter-output>
  </reporter-output>
  <suite started-at="2023-12-04T23:20:52 IST" name="Default suite" finished-at="2023-12-04T23:21:23 IST" duration-ms="30755">
    <groups>
    </groups>
    <test started-at="2023-12-04T23:20:52 IST" name="Default test" finished-at="2023-12-04T23:21:23 IST" duration-ms="30755">
      <class name="com.empirem.qa.testcases.LoginPageTest">
        <test-method is-config="true" signature="setup()[pri:0, instance:com.empirem.qa.testcases.LoginPageTest@40499e4f]" started-at="2023-12-04T23:20:52 IST" name="setup" finished-at="2023-12-04T23:21:00 IST" duration-ms="8132" status="PASS">
          <reporter-output>
          </reporter-output>
        </test-method> <!-- setup -->
        <test-method signature="verifyEphomeTitletest()[pri:0, instance:com.empirem.qa.testcases.LoginPageTest@40499e4f]" started-at="2023-12-04T23:21:00 IST" name="verifyEphomeTitletest" finished-at="2023-12-04T23:21:01 IST" duration-ms="166" status="PASS">
          <reporter-output>
          </reporter-output>
        </test-method> <!-- verifyEphomeTitletest -->
        <test-method is-config="true" signature="teardown()[pri:0, instance:com.empirem.qa.testcases.LoginPageTest@40499e4f]" started-at="2023-12-04T23:21:01 IST" name="teardown" finished-at="2023-12-04T23:21:01 IST" duration-ms="0" status="PASS">
          <reporter-output>
          </reporter-output>
        </test-method> <!-- teardown -->
        <test-method is-config="true" signature="setup()[pri:0, instance:com.empirem.qa.testcases.LoginPageTest@40499e4f]" started-at="2023-12-04T23:21:01 IST" name="setup" finished-at="2023-12-04T23:21:08 IST" duration-ms="7166" status="PASS">
          <reporter-output>
          </reporter-output>
        </test-method> <!-- setup -->
        <test-method signature="verifyEphomeimageTest()[pri:0, instance:com.empirem.qa.testcases.LoginPageTest@40499e4f]" started-at="2023-12-04T23:21:08 IST" name="verifyEphomeimageTest" finished-at="2023-12-04T23:21:08 IST" duration-ms="365" status="PASS">
          <reporter-output>
          </reporter-output>
        </test-method> <!-- verifyEphomeimageTest -->
        <test-method is-config="true" signature="teardown()[pri:0, instance:com.empirem.qa.testcases.LoginPageTest@40499e4f]" started-at="2023-12-04T23:21:08 IST" name="teardown" finished-at="2023-12-04T23:21:08 IST" duration-ms="1" status="PASS">
          <reporter-output>
          </reporter-output>
        </test-method> <!-- teardown -->
        <test-method is-config="true" signature="setup()[pri:0, instance:com.empirem.qa.testcases.LoginPageTest@40499e4f]" started-at="2023-12-04T23:21:08 IST" name="setup" finished-at="2023-12-04T23:21:20 IST" duration-ms="12078" status="PASS">
          <reporter-output>
          </reporter-output>
        </test-method> <!-- setup -->
        <test-method signature="verifyLoginPageTest()[pri:0, instance:com.empirem.qa.testcases.LoginPageTest@40499e4f]" started-at="2023-12-04T23:21:20 IST" name="verifyLoginPageTest" finished-at="2023-12-04T23:21:23 IST" duration-ms="2747" status="PASS">
          <reporter-output>
          </reporter-output>
        </test-method> <!-- verifyLoginPageTest -->
        <test-method is-config="true" signature="teardown()[pri:0, instance:com.empirem.qa.testcases.LoginPageTest@40499e4f]" started-at="2023-12-04T23:21:23 IST" name="teardown" finished-at="2023-12-04T23:21:23 IST" duration-ms="4" status="PASS">
          <reporter-output>
          </reporter-output>
        </test-method> <!-- teardown -->
      </class> <!-- com.empirem.qa.testcases.LoginPageTest -->
    </test> <!-- Default test -->
  </suite> <!-- Default suite -->
</testng-results>
